<?xml version="1.0" encoding="UTF-8"?>
<testng-results ignored="0" total="1" passed="1" failed="0" skipped="0">
  <reporter-output>
  </reporter-output>
  <suite started-at="2023-07-12T16:12:57 IST" name="Default suite" finished-at="2023-07-12T16:13:37 IST" duration-ms="39272">
    <groups>
    </groups>
    <test started-at="2023-07-12T16:12:57 IST" name="Default test" finished-at="2023-07-12T16:13:37 IST" duration-ms="39272">
      <class name="jSe.practics_javaScript">
        <test-method signature="mouseactions()[pri:0, instance:jSe.practics_javaScript@2e385cce]" started-at="2023-07-12T16:12:57 IST" name="mouseactions" finished-at="2023-07-12T16:13:37 IST" duration-ms="39165" status="PASS">
          <reporter-output>
          </reporter-output>
        </test-method> <!-- mouseactions -->
      </class> <!-- jSe.practics_javaScript -->
    </test> <!-- Default test -->
  </suite> <!-- Default suite -->
</testng-results>
